<?xml version="1.0" encoding="UTF-8"?>
<!-- Generated by org.testng.reporters.JUnitReportReporter -->
<testsuite hostname="DESKTOP-8PGI3GI" failures="0" tests="4" name="runner.TestRunner" time="55.867" errors="0" timestamp="2024-06-19T10:02:26 AST" skipped="0">
  <testcase classname="runner.TestRunner" name="runScenario" time="13.762"/>
  <testcase classname="runner.TestRunner" name="runScenario" time="14.495"/>
  <testcase classname="runner.TestRunner" name="runScenario" time="14.027"/>
  <testcase classname="runner.TestRunner" name="runScenario" time="13.583"/>
</testsuite> <!-- runner.TestRunner -->
